Flow report for Semaforo_Legal
Tue Mar 03 14:58:33 2009
Quartus II Version 8.1 Build 163 10/28/2008 SJ Web Edition


---------------------
; Table of Contents ;
---------------------
  1. Legal Notice
  2. Flow Summary
  3. Flow Settings
  4. Flow Non-Default Global Settings
  5. Flow Elapsed Time
  6. Flow OS Summary
  7. Flow Log



----------------
; Legal Notice ;
----------------
Copyright (C) 1991-2008 Altera Corporation
Your use of Altera Corporation's design tools, logic functions 
and other software and tools, and its AMPP partner logic 
functions, and any output files from any of the foregoing 
(including device programming or simulation files), and any 
associated documentation or information are expressly subject 
to the terms and conditions of the Altera Program License 
Subscription Agreement, Altera MegaCore Function License 
Agreement, or other applicable license agreement, including, 
without limitation, that your use is for the sole purpose of 
programming logic devices manufactured by Altera and sold by 
Altera or its authorized distributors.  Please refer to the 
applicable agreement for further details.



+-------------------------------------------------------------------------+
; Flow Summary                                                            ;
+-------------------------------+-----------------------------------------+
; Flow Status                   ; Successful - Tue Mar 03 14:58:33 2009   ;
; Quartus II Version            ; 8.1 Build 163 10/28/2008 SJ Web Edition ;
; Revision Name                 ; Semaforo_Legal                          ;
; Top-level Entity Name         ; Semaforo_Legal                          ;
; Family                        ; Stratix II                              ;
; Met timing requirements       ; Yes                                     ;
; Logic utilization             ; < 1 %                                   ;
;     Combinational ALUTs       ; 3 / 12,480 ( < 1 % )                    ;
;     Dedicated logic registers ; 0 / 12,480 ( 0 % )                      ;
; Total registers               ; 0                                       ;
; Total pins                    ; 7 / 343 ( 2 % )                         ;
; Total virtual pins            ; 0                                       ;
; Total block memory bits       ; 0 / 419,328 ( 0 % )                     ;
; DSP block 9-bit elements      ; 0 / 96 ( 0 % )                          ;
; Total PLLs                    ; 0 / 6 ( 0 % )                           ;
; Total DLLs                    ; 0 / 2 ( 0 % )                           ;
; Device                        ; EP2S15F484C3                            ;
; Timing Models                 ; Final                                   ;
+-------------------------------+-----------------------------------------+


+-----------------------------------------+
; Flow Settings                           ;
+-------------------+---------------------+
; Option            ; Setting             ;
+-------------------+---------------------+
; Start date & time ; 03/03/2009 14:57:23 ;
; Main task         ; Compilation         ;
; Revision Name     ; Semaforo_Legal      ;
+-------------------+---------------------+


+-----------------------------------------------------------------------------------------------------------------+
; Flow Non-Default Global Settings                                                                                ;
+------------------------------------+-----------------------------+---------------+-------------+----------------+
; Assignment Name                    ; Value                       ; Default Value ; Entity Name ; Section Id     ;
+------------------------------------+-----------------------------+---------------+-------------+----------------+
; COMPILER_SIGNATURE_ID              ; 11368677380.123610304303016 ; --            ; --          ; --             ;
; PARTITION_COLOR                    ; 16764057                    ; --            ; --          ; Top            ;
; PARTITION_NETLIST_TYPE             ; SOURCE                      ; --            ; --          ; Top            ;
; USE_GENERATED_PHYSICAL_CONSTRAINTS ; Off                         ; --            ; --          ; eda_blast_fpga ;
+------------------------------------+-----------------------------+---------------+-------------+----------------+


+-----------------------------------------------------------------------------------------------------------------------------+
; Flow Elapsed Time                                                                                                           ;
+-------------------------+--------------+-------------------------+---------------------+------------------------------------+
; Module Name             ; Elapsed Time ; Average Processors Used ; Peak Virtual Memory ; Total CPU Time (on all processors) ;
+-------------------------+--------------+-------------------------+---------------------+------------------------------------+
; Analysis & Synthesis    ; 00:00:05     ; 1.0                     ; 155 MB              ; 00:00:02                           ;
; Fitter                  ; 00:00:25     ; 1.0                     ; 211 MB              ; 00:00:12                           ;
; Assembler               ; 00:00:11     ; 1.0                     ; 180 MB              ; 00:00:07                           ;
; Classic Timing Analyzer ; 00:00:01     ; 1.0                     ; 114 MB              ; 00:00:01                           ;
; Total                   ; 00:00:42     ; --                      ; --                  ; 00:00:22                           ;
+-------------------------+--------------+-------------------------+---------------------+------------------------------------+


+---------------------------------------------------------------------------------------+
; Flow OS Summary                                                                       ;
+-------------------------+------------------+------------+------------+----------------+
; Module Name             ; Machine Hostname ; OS Name    ; OS Version ; Processor type ;
+-------------------------+------------------+------------+------------+----------------+
; Analysis & Synthesis    ; ipuc1531102      ; Windows XP ; 5.1        ; i1586          ;
; Fitter                  ; ipuc1531102      ; Windows XP ; 5.1        ; i1586          ;
; Assembler               ; ipuc1531102      ; Windows XP ; 5.1        ; i1586          ;
; Classic Timing Analyzer ; ipuc1531102      ; Windows XP ; 5.1        ; i1586          ;
+-------------------------+------------------+------------+------------+----------------+


------------
; Flow Log ;
------------
quartus_map --read_settings_files=on --write_settings_files=off Semaforo_Legal -c Semaforo_Legal
quartus_fit --read_settings_files=off --write_settings_files=off Semaforo_Legal -c Semaforo_Legal
quartus_asm --read_settings_files=off --write_settings_files=off Semaforo_Legal -c Semaforo_Legal
quartus_tan --read_settings_files=off --write_settings_files=off Semaforo_Legal -c Semaforo_Legal --timing_analysis_only



