Classic Timing Analyzer report for Semaforo_Legal
Tue Mar 03 14:58:33 2009
Quartus II Version 8.1 Build 163 10/28/2008 SJ Web Edition


---------------------
; Table of Contents ;
---------------------
  1. Legal Notice
  2. Timing Analyzer Summary
  3. Timing Analyzer Settings
  4. tpd
  5. Timing Analyzer Messages



----------------
; Legal Notice ;
----------------
Copyright (C) 1991-2008 Altera Corporation
Your use of Altera Corporation's design tools, logic functions 
and other software and tools, and its AMPP partner logic 
functions, and any output files from any of the foregoing 
(including device programming or simulation files), and any 
associated documentation or information are expressly subject 
to the terms and conditions of the Altera Program License 
Subscription Agreement, Altera MegaCore Function License 
Agreement, or other applicable license agreement, including, 
without limitation, that your use is for the sole purpose of 
programming logic devices manufactured by Altera and sold by 
Altera or its authorized distributors.  Please refer to the 
applicable agreement for further details.



+-----------------------------------------------------------------------------------------------------------------------+
; Timing Analyzer Summary                                                                                               ;
+------------------------------+-------+---------------+-------------+------+----+------------+----------+--------------+
; Type                         ; Slack ; Required Time ; Actual Time ; From ; To ; From Clock ; To Clock ; Failed Paths ;
+------------------------------+-------+---------------+-------------+------+----+------------+----------+--------------+
; Worst-case tpd               ; N/A   ; None          ; 9.456 ns    ; C    ; SA ; --         ; --       ; 0            ;
; Total number of failed paths ;       ;               ;             ;      ;    ;            ;          ; 0            ;
+------------------------------+-------+---------------+-------------+------+----+------------+----------+--------------+


+--------------------------------------------------------------------------------------------------------------------+
; Timing Analyzer Settings                                                                                           ;
+---------------------------------------------------------------------+--------------------+------+----+-------------+
; Option                                                              ; Setting            ; From ; To ; Entity Name ;
+---------------------------------------------------------------------+--------------------+------+----+-------------+
; Device Name                                                         ; EP2S15F484C3       ;      ;    ;             ;
; Timing Models                                                       ; Final              ;      ;    ;             ;
; Default hold multicycle                                             ; Same as Multicycle ;      ;    ;             ;
; Cut paths between unrelated clock domains                           ; On                 ;      ;    ;             ;
; Cut off read during write signal paths                              ; On                 ;      ;    ;             ;
; Cut off feedback from I/O pins                                      ; On                 ;      ;    ;             ;
; Report Combined Fast/Slow Timing                                    ; Off                ;      ;    ;             ;
; Ignore Clock Settings                                               ; Off                ;      ;    ;             ;
; Analyze latches as synchronous elements                             ; On                 ;      ;    ;             ;
; Enable Recovery/Removal analysis                                    ; Off                ;      ;    ;             ;
; Enable Clock Latency                                                ; Off                ;      ;    ;             ;
; Use TimeQuest Timing Analyzer                                       ; Off                ;      ;    ;             ;
; Number of source nodes to report per destination node               ; 10                 ;      ;    ;             ;
; Number of destination nodes to report                               ; 10                 ;      ;    ;             ;
; Number of paths to report                                           ; 200                ;      ;    ;             ;
; Report Minimum Timing Checks                                        ; Off                ;      ;    ;             ;
; Use Fast Timing Models                                              ; Off                ;      ;    ;             ;
; Report IO Paths Separately                                          ; Off                ;      ;    ;             ;
; Perform Multicorner Analysis                                        ; On                 ;      ;    ;             ;
; Reports the worst-case path for each clock domain and analysis      ; Off                ;      ;    ;             ;
; Removes common clock path pessimism (CCPP) during slack computation ; Off                ;      ;    ;             ;
; Output I/O Timing Endpoint                                          ; Near End           ;      ;    ;             ;
+---------------------------------------------------------------------+--------------------+------+----+-------------+


+---------------------------------------------------------+
; tpd                                                     ;
+-------+-------------------+-----------------+------+----+
; Slack ; Required P2P Time ; Actual P2P Time ; From ; To ;
+-------+-------------------+-----------------+------+----+
; N/A   ; None              ; 9.456 ns        ; C    ; SA ;
; N/A   ; None              ; 9.026 ns        ; D    ; SA ;
; N/A   ; None              ; 8.926 ns        ; B    ; SA ;
; N/A   ; None              ; 8.849 ns        ; C    ; SC ;
; N/A   ; None              ; 8.668 ns        ; A    ; SA ;
; N/A   ; None              ; 8.076 ns        ; D    ; SC ;
; N/A   ; None              ; 8.076 ns        ; D    ; SB ;
; N/A   ; None              ; 7.976 ns        ; B    ; SB ;
; N/A   ; None              ; 7.901 ns        ; B    ; SC ;
; N/A   ; None              ; 7.719 ns        ; A    ; SB ;
+-------+-------------------+-----------------+------+----+


+--------------------------+
; Timing Analyzer Messages ;
+--------------------------+
Info: *******************************************************************
Info: Running Quartus II Classic Timing Analyzer
    Info: Version 8.1 Build 163 10/28/2008 SJ Web Edition
    Info: Processing started: Tue Mar 03 14:58:32 2009
Info: Command: quartus_tan --read_settings_files=off --write_settings_files=off Semaforo_Legal -c Semaforo_Legal --timing_analysis_only
Info: Longest tpd from source pin "C" to destination pin "SA" is 9.456 ns
    Info: 1: + IC(0.000 ns) + CELL(0.800 ns) = 0.800 ns; Loc. = PIN_K18; Fanout = 2; PIN Node = 'C'
    Info: 2: + IC(4.633 ns) + CELL(0.225 ns) = 5.658 ns; Loc. = LCCOMB_X14_Y7_N2; Fanout = 1; COMB Node = 'inst20'
    Info: 3: + IC(1.816 ns) + CELL(1.982 ns) = 9.456 ns; Loc. = PIN_C16; Fanout = 0; PIN Node = 'SA'
    Info: Total cell delay = 3.007 ns ( 31.80 % )
    Info: Total interconnect delay = 6.449 ns ( 68.20 % )
Info: Quartus II Classic Timing Analyzer was successful. 0 errors, 0 warnings
    Info: Peak virtual memory: 127 megabytes
    Info: Processing ended: Tue Mar 03 14:58:33 2009
    Info: Elapsed time: 00:00:01
    Info: Total CPU time (on all processors): 00:00:01


