Flow report for Contador_Regressivo
Tue Jun 09 13:49:51 2009
Quartus II Version 9.0 Build 132 02/25/2009 SJ Web Edition


---------------------
; Table of Contents ;
---------------------
  1. Legal Notice
  2. Flow Summary
  3. Flow Settings
  4. Flow Non-Default Global Settings
  5. Flow Elapsed Time
  6. Flow OS Summary
  7. Flow Log



----------------
; Legal Notice ;
----------------
Copyright (C) 1991-2009 Altera Corporation
Your use of Altera Corporation's design tools, logic functions 
and other software and tools, and its AMPP partner logic 
functions, and any output files from any of the foregoing 
(including device programming or simulation files), and any 
associated documentation or information are expressly subject 
to the terms and conditions of the Altera Program License 
Subscription Agreement, Altera MegaCore Function License 
Agreement, or other applicable license agreement, including, 
without limitation, that your use is for the sole purpose of 
programming logic devices manufactured by Altera and sold by 
Altera or its authorized distributors.  Please refer to the 
applicable agreement for further details.



+-------------------------------------------------------------------+
; Flow Summary                                                      ;
+-------------------------+-----------------------------------------+
; Flow Status             ; Successful - Tue Jun 09 13:49:50 2009   ;
; Quartus II Version      ; 9.0 Build 132 02/25/2009 SJ Web Edition ;
; Revision Name           ; Contador_Regressivo                     ;
; Top-level Entity Name   ; Contador_Regressivo                     ;
; Family                  ; MAX7000S                                ;
; Device                  ; EPM7064SLC44-10                         ;
; Timing Models           ; Final                                   ;
; Met timing requirements ; No                                      ;
; Total macrocells        ; 44 / 64 ( 69 % )                        ;
; Total pins              ; 32 / 36 ( 89 % )                        ;
+-------------------------+-----------------------------------------+


+-----------------------------------------+
; Flow Settings                           ;
+-------------------+---------------------+
; Option            ; Setting             ;
+-------------------+---------------------+
; Start date & time ; 06/09/2009 13:49:08 ;
; Main task         ; Compilation         ;
; Revision Name     ; Contador_Regressivo ;
+-------------------+---------------------+


+----------------------------------------------------------------------------------------------------------------------------------------------------+
; Flow Non-Default Global Settings                                                                                                                   ;
+------------------------------------+----------------------------------------------------------------+---------------+-------------+----------------+
; Assignment Name                    ; Value                                                          ; Default Value ; Entity Name ; Section Id     ;
+------------------------------------+----------------------------------------------------------------+---------------+-------------+----------------+
; COMPILER_SIGNATURE_ID              ; 132223500322.124456614703096                                   ; --            ; --          ; --             ;
; FITTER_EFFORT                      ; Standard Fit                                                   ; Auto Fit      ; --          ; --             ;
; IP_TOOL_NAME                       ; LPM_COUNTER                                                    ; --            ; --          ; --             ;
; IP_TOOL_NAME                       ; LPM_COUNTER                                                    ; --            ; --          ; --             ;
; IP_TOOL_NAME                       ; LPM_FF                                                         ; --            ; --          ; --             ;
; IP_TOOL_NAME                       ; LPM_SHIFTREG                                                   ; --            ; --          ; --             ;
; IP_TOOL_NAME                       ; LPM_SHIFTREG                                                   ; --            ; --          ; --             ;
; IP_TOOL_NAME                       ; LPM_FF                                                         ; --            ; --          ; --             ;
; IP_TOOL_NAME                       ; LPM_COUNTER                                                    ; --            ; --          ; --             ;
; IP_TOOL_VERSION                    ; 8.1                                                            ; --            ; --          ; --             ;
; IP_TOOL_VERSION                    ; 8.1                                                            ; --            ; --          ; --             ;
; IP_TOOL_VERSION                    ; 8.1                                                            ; --            ; --          ; --             ;
; IP_TOOL_VERSION                    ; 8.1                                                            ; --            ; --          ; --             ;
; IP_TOOL_VERSION                    ; 8.1                                                            ; --            ; --          ; --             ;
; IP_TOOL_VERSION                    ; 8.1                                                            ; --            ; --          ; --             ;
; IP_TOOL_VERSION                    ; 8.1                                                            ; --            ; --          ; --             ;
; MISC_FILE                          ; count10.bsf                                                    ; --            ; --          ; --             ;
; MISC_FILE                          ; count10_inst.vhd                                               ; --            ; --          ; --             ;
; MISC_FILE                          ; count10.inc                                                    ; --            ; --          ; --             ;
; MISC_FILE                          ; count10.cmp                                                    ; --            ; --          ; --             ;
; MISC_FILE                          ; count6.bsf                                                     ; --            ; --          ; --             ;
; MISC_FILE                          ; count6_inst.vhd                                                ; --            ; --          ; --             ;
; MISC_FILE                          ; count6.inc                                                     ; --            ; --          ; --             ;
; MISC_FILE                          ; count6.cmp                                                     ; --            ; --          ; --             ;
; MISC_FILE                          ; FlipFlopT.bsf                                                  ; --            ; --          ; --             ;
; MISC_FILE                          ; FlipFlopT.cmp                                                  ; --            ; --          ; --             ;
; MISC_FILE                          ; reg10.bsf                                                      ; --            ; --          ; --             ;
; MISC_FILE                          ; reg10_inst.vhd                                                 ; --            ; --          ; --             ;
; MISC_FILE                          ; reg10.inc                                                      ; --            ; --          ; --             ;
; MISC_FILE                          ; reg10.cmp                                                      ; --            ; --          ; --             ;
; MISC_FILE                          ; reg6.bsf                                                       ; --            ; --          ; --             ;
; MISC_FILE                          ; reg6_inst.vhd                                                  ; --            ; --          ; --             ;
; MISC_FILE                          ; reg6.inc                                                       ; --            ; --          ; --             ;
; MISC_FILE                          ; reg6.cmp                                                       ; --            ; --          ; --             ;
; MISC_FILE                          ; start_stop.bsf                                                 ; --            ; --          ; --             ;
; MISC_FILE                          ; start_stop_inst.vhd                                            ; --            ; --          ; --             ;
; MISC_FILE                          ; start_stop.inc                                                 ; --            ; --          ; --             ;
; MISC_FILE                          ; start_stop.cmp                                                 ; --            ; --          ; --             ;
; MISC_FILE                          ; div10.bsf                                                      ; --            ; --          ; --             ;
; MISC_FILE                          ; div10_inst.vhd                                                 ; --            ; --          ; --             ;
; MISC_FILE                          ; div10.inc                                                      ; --            ; --          ; --             ;
; MISC_FILE                          ; div10.cmp                                                      ; --            ; --          ; --             ;
; MISC_FILE                          ; E:/Lab Sist Digitais I/Segundo Projeto/Contador_Regressivo.dpf ; --            ; --          ; --             ;
; OPTIMIZE_HOLD_TIMING               ; Off                                                            ; --            ; --          ; --             ;
; USE_GENERATED_PHYSICAL_CONSTRAINTS ; Off                                                            ; --            ; --          ; eda_blast_fpga ;
+------------------------------------+----------------------------------------------------------------+---------------+-------------+----------------+


+-----------------------------------------------------------------------------------------------------------------------------+
; Flow Elapsed Time                                                                                                           ;
+-------------------------+--------------+-------------------------+---------------------+------------------------------------+
; Module Name             ; Elapsed Time ; Average Processors Used ; Peak Virtual Memory ; Total CPU Time (on all processors) ;
+-------------------------+--------------+-------------------------+---------------------+------------------------------------+
; Analysis & Synthesis    ; 00:00:19     ; 1.0                     ; 188 MB              ; 00:00:05                           ;
; Fitter                  ; 00:00:04     ; 1.0                     ; 128 MB              ; 00:00:01                           ;
; Assembler               ; 00:00:04     ; 1.0                     ; 142 MB              ; 00:00:02                           ;
; Classic Timing Analyzer ; 00:00:03     ; 1.0                     ; 114 MB              ; 00:00:01                           ;
; Total                   ; 00:00:30     ; --                      ; --                  ; 00:00:09                           ;
+-------------------------+--------------+-------------------------+---------------------+------------------------------------+


+---------------------------------------------------------------------------------------+
; Flow OS Summary                                                                       ;
+-------------------------+------------------+------------+------------+----------------+
; Module Name             ; Machine Hostname ; OS Name    ; OS Version ; Processor type ;
+-------------------------+------------------+------------+------------+----------------+
; Analysis & Synthesis    ; IPUC1531104      ; Windows XP ; 5.1        ; i686           ;
; Fitter                  ; IPUC1531104      ; Windows XP ; 5.1        ; i686           ;
; Assembler               ; IPUC1531104      ; Windows XP ; 5.1        ; i686           ;
; Classic Timing Analyzer ; IPUC1531104      ; Windows XP ; 5.1        ; i686           ;
+-------------------------+------------------+------------+------------+----------------+


------------
; Flow Log ;
------------
quartus_map --read_settings_files=on --write_settings_files=off Contador_Regressivo -c Contador_Regressivo
quartus_fit --read_settings_files=off --write_settings_files=off Contador_Regressivo -c Contador_Regressivo
quartus_asm --read_settings_files=off --write_settings_files=off Contador_Regressivo -c Contador_Regressivo
quartus_tan --read_settings_files=off --write_settings_files=off Contador_Regressivo -c Contador_Regressivo



