Analysis & Synthesis report for Contador_Regressivo
Tue Jun 09 13:49:25 2009
Quartus II Version 9.0 Build 132 02/25/2009 SJ Web Edition


---------------------
; Table of Contents ;
---------------------
  1. Legal Notice
  2. Analysis & Synthesis Summary
  3. Analysis & Synthesis Settings
  4. Analysis & Synthesis Source Files Read
  5. Analysis & Synthesis Resource Usage Summary
  6. Analysis & Synthesis Resource Utilization by Entity
  7. Source assignments for count10:inst3|lpm_counter:lpm_counter_component
  8. Source assignments for count10:inst3|lpm_counter:lpm_counter_component|lpm_add_sub:add_sub|addcore:adder
  9. Source assignments for count10:inst3|lpm_counter:lpm_counter_component|lpm_add_sub:add_sub|addcore:adder|addcore:adder[0]
 10. Source assignments for div10:inst8|lpm_counter:lpm_counter_component
 11. Source assignments for div10:inst8|lpm_counter:lpm_counter_component|lpm_add_sub:add_sub|addcore:adder
 12. Source assignments for div10:inst8|lpm_counter:lpm_counter_component|lpm_add_sub:add_sub|addcore:adder|addcore:adder[0]
 13. Source assignments for count6:inst7|lpm_counter:lpm_counter_component
 14. Source assignments for count6:inst7|lpm_counter:lpm_counter_component|lpm_add_sub:add_sub|addcore:adder
 15. Source assignments for count6:inst7|lpm_counter:lpm_counter_component|lpm_add_sub:add_sub|addcore:adder|addcore:adder[0]
 16. Source assignments for count10:inst4|lpm_counter:lpm_counter_component
 17. Source assignments for count10:inst4|lpm_counter:lpm_counter_component|lpm_add_sub:add_sub|addcore:adder
 18. Source assignments for count10:inst4|lpm_counter:lpm_counter_component|lpm_add_sub:add_sub|addcore:adder|addcore:adder[0]
 19. Source assignments for count6:inst6|lpm_counter:lpm_counter_component
 20. Source assignments for count6:inst6|lpm_counter:lpm_counter_component|lpm_add_sub:add_sub|addcore:adder
 21. Source assignments for count6:inst6|lpm_counter:lpm_counter_component|lpm_add_sub:add_sub|addcore:adder|addcore:adder[0]
 22. Parameter Settings for User Entity Instance: count10:inst3|lpm_counter:lpm_counter_component
 23. Parameter Settings for User Entity Instance: div10:inst8|lpm_counter:lpm_counter_component
 24. Parameter Settings for User Entity Instance: start_stop:inst5|lpm_ff:lpm_ff_component
 25. Parameter Settings for User Entity Instance: reg10:inst|lpm_shiftreg:lpm_shiftreg_component
 26. Parameter Settings for User Entity Instance: count6:inst7|lpm_counter:lpm_counter_component
 27. Parameter Settings for User Entity Instance: count10:inst4|lpm_counter:lpm_counter_component
 28. Parameter Settings for User Entity Instance: count6:inst6|lpm_counter:lpm_counter_component
 29. Parameter Settings for User Entity Instance: reg6:inst10|lpm_shiftreg:lpm_shiftreg_component
 30. Parameter Settings for User Entity Instance: reg10:inst9|lpm_shiftreg:lpm_shiftreg_component
 31. Parameter Settings for User Entity Instance: reg6:inst11|lpm_shiftreg:lpm_shiftreg_component
 32. Parameter Settings for User Entity Instance: FlipFlopT:inst45|lpm_ff:lpm_ff_component
 33. lpm_shiftreg Parameter Settings by Entity Instance
 34. Analysis & Synthesis Messages



----------------
; Legal Notice ;
----------------
Copyright (C) 1991-2009 Altera Corporation
Your use of Altera Corporation's design tools, logic functions 
and other software and tools, and its AMPP partner logic 
functions, and any output files from any of the foregoing 
(including device programming or simulation files), and any 
associated documentation or information are expressly subject 
to the terms and conditions of the Altera Program License 
Subscription Agreement, Altera MegaCore Function License 
Agreement, or other applicable license agreement, including, 
without limitation, that your use is for the sole purpose of 
programming logic devices manufactured by Altera and sold by 
Altera or its authorized distributors.  Please refer to the 
applicable agreement for further details.



+-----------------------------------------------------------------------+
; Analysis & Synthesis Summary                                          ;
+-----------------------------+-----------------------------------------+
; Analysis & Synthesis Status ; Successful - Tue Jun 09 13:49:25 2009   ;
; Quartus II Version          ; 9.0 Build 132 02/25/2009 SJ Web Edition ;
; Revision Name               ; Contador_Regressivo                     ;
; Top-level Entity Name       ; Contador_Regressivo                     ;
; Family                      ; MAX7000S                                ;
; Total macrocells            ; 44                                      ;
; Total pins                  ; 28                                      ;
+-----------------------------+-----------------------------------------+


+------------------------------------------------------------------------------------------------------------+
; Analysis & Synthesis Settings                                                                              ;
+----------------------------------------------------------------+---------------------+---------------------+
; Option                                                         ; Setting             ; Default Value       ;
+----------------------------------------------------------------+---------------------+---------------------+
; Device                                                         ; EPM7064SLC44-10     ;                     ;
; Top-level entity name                                          ; Contador_Regressivo ; Contador_Regressivo ;
; Family name                                                    ; MAX7000S            ; Stratix II          ;
; Use Generated Physical Constraints File                        ; Off                 ;                     ;
; Use smart compilation                                          ; Off                 ; Off                 ;
; Create Debugging Nodes for IP Cores                            ; Off                 ; Off                 ;
; Preserve fewer node names                                      ; On                  ; On                  ;
; Disable OpenCore Plus hardware evaluation                      ; Off                 ; Off                 ;
; Verilog Version                                                ; Verilog_2001        ; Verilog_2001        ;
; VHDL Version                                                   ; VHDL93              ; VHDL93              ;
; State Machine Processing                                       ; Auto                ; Auto                ;
; Safe State Machine                                             ; Off                 ; Off                 ;
; Extract Verilog State Machines                                 ; On                  ; On                  ;
; Extract VHDL State Machines                                    ; On                  ; On                  ;
; Ignore Verilog initial constructs                              ; Off                 ; Off                 ;
; Iteration limit for constant Verilog loops                     ; 5000                ; 5000                ;
; Iteration limit for non-constant Verilog loops                 ; 250                 ; 250                 ;
; Add Pass-Through Logic to Inferred RAMs                        ; On                  ; On                  ;
; Parallel Synthesis                                             ; Off                 ; Off                 ;
; NOT Gate Push-Back                                             ; On                  ; On                  ;
; Power-Up Don't Care                                            ; On                  ; On                  ;
; Remove Duplicate Registers                                     ; On                  ; On                  ;
; Ignore CARRY Buffers                                           ; Off                 ; Off                 ;
; Ignore CASCADE Buffers                                         ; Off                 ; Off                 ;
; Ignore GLOBAL Buffers                                          ; Off                 ; Off                 ;
; Ignore ROW GLOBAL Buffers                                      ; Off                 ; Off                 ;
; Ignore LCELL Buffers                                           ; Auto                ; Auto                ;
; Ignore SOFT Buffers                                            ; Off                 ; Off                 ;
; Limit AHDL Integers to 32 Bits                                 ; Off                 ; Off                 ;
; Optimization Technique                                         ; Speed               ; Speed               ;
; Allow XOR Gate Usage                                           ; On                  ; On                  ;
; Auto Logic Cell Insertion                                      ; On                  ; On                  ;
; Parallel Expander Chain Length                                 ; 4                   ; 4                   ;
; Auto Parallel Expanders                                        ; On                  ; On                  ;
; Auto Open-Drain Pins                                           ; On                  ; On                  ;
; Auto Resource Sharing                                          ; Off                 ; Off                 ;
; Maximum Fan-in Per Macrocell                                   ; 100                 ; 100                 ;
; Use LogicLock Constraints during Resource Balancing            ; On                  ; On                  ;
; Ignore translate_off and synthesis_off directives              ; Off                 ; Off                 ;
; Show Parameter Settings Tables in Synthesis Report             ; On                  ; On                  ;
; HDL message level                                              ; Level2              ; Level2              ;
; Suppress Register Optimization Related Messages                ; Off                 ; Off                 ;
; Number of Removed Registers Reported in Synthesis Report       ; 100                 ; 100                 ;
; Number of Inverted Registers Reported in Synthesis Report      ; 100                 ; 100                 ;
; Block Design Naming                                            ; Auto                ; Auto                ;
; Synthesis Effort                                               ; Auto                ; Auto                ;
; Allows Asynchronous Clear Usage For Shift Register Replacement ; On                  ; On                  ;
; Analysis & Synthesis Message Level                             ; Medium              ; Medium              ;
+----------------------------------------------------------------+---------------------+---------------------+


+----------------------------------------------------------------------------------------------------------------------------------------------------------------+
; Analysis & Synthesis Source Files Read                                                                                                                         ;
+----------------------------------+-----------------+------------------------------------+----------------------------------------------------------------------+
; File Name with User-Entered Path ; Used in Netlist ; File Type                          ; File Name with Absolute Path                                         ;
+----------------------------------+-----------------+------------------------------------+----------------------------------------------------------------------+
; count10.vhd                      ; yes             ; User Wizard-Generated File         ; E:/Lab Sist Digitais I/Segundo Projeto/count10.vhd                   ;
; count6.vhd                       ; yes             ; User Wizard-Generated File         ; E:/Lab Sist Digitais I/Segundo Projeto/count6.vhd                    ;
; FlipFlopT.vhd                    ; yes             ; User Wizard-Generated File         ; E:/Lab Sist Digitais I/Segundo Projeto/FlipFlopT.vhd                 ;
; reg10.vhd                        ; yes             ; User Wizard-Generated File         ; E:/Lab Sist Digitais I/Segundo Projeto/reg10.vhd                     ;
; reg6.vhd                         ; yes             ; User Wizard-Generated File         ; E:/Lab Sist Digitais I/Segundo Projeto/reg6.vhd                      ;
; start_stop.vhd                   ; yes             ; User Wizard-Generated File         ; E:/Lab Sist Digitais I/Segundo Projeto/start_stop.vhd                ;
; Contador_Regressivo.bdf          ; yes             ; User Block Diagram/Schematic File  ; E:/Lab Sist Digitais I/Segundo Projeto/Contador_Regressivo.bdf       ;
; div10.vhd                        ; yes             ; User Wizard-Generated File         ; E:/Lab Sist Digitais I/Segundo Projeto/div10.vhd                     ;
; lpm_counter.tdf                  ; yes             ; Megafunction                       ; c:/altera/90/quartus/libraries/megafunctions/lpm_counter.tdf         ;
; lpm_constant.inc                 ; yes             ; Megafunction                       ; c:/altera/90/quartus/libraries/megafunctions/lpm_constant.inc        ;
; lpm_decode.inc                   ; yes             ; Megafunction                       ; c:/altera/90/quartus/libraries/megafunctions/lpm_decode.inc          ;
; lpm_add_sub.inc                  ; yes             ; Megafunction                       ; c:/altera/90/quartus/libraries/megafunctions/lpm_add_sub.inc         ;
; cmpconst.inc                     ; yes             ; Megafunction                       ; c:/altera/90/quartus/libraries/megafunctions/cmpconst.inc            ;
; lpm_compare.inc                  ; yes             ; Megafunction                       ; c:/altera/90/quartus/libraries/megafunctions/lpm_compare.inc         ;
; lpm_counter.inc                  ; yes             ; Megafunction                       ; c:/altera/90/quartus/libraries/megafunctions/lpm_counter.inc         ;
; dffeea.inc                       ; yes             ; Megafunction                       ; c:/altera/90/quartus/libraries/megafunctions/dffeea.inc              ;
; alt_synch_counter.inc            ; yes             ; Megafunction                       ; c:/altera/90/quartus/libraries/megafunctions/alt_synch_counter.inc   ;
; alt_synch_counter_f.inc          ; yes             ; Megafunction                       ; c:/altera/90/quartus/libraries/megafunctions/alt_synch_counter_f.inc ;
; alt_counter_f10ke.inc            ; yes             ; Megafunction                       ; c:/altera/90/quartus/libraries/megafunctions/alt_counter_f10ke.inc   ;
; alt_counter_stratix.inc          ; yes             ; Megafunction                       ; c:/altera/90/quartus/libraries/megafunctions/alt_counter_stratix.inc ;
; aglobal90.inc                    ; yes             ; Megafunction                       ; c:/altera/90/quartus/libraries/megafunctions/aglobal90.inc           ;
; lpm_add_sub.tdf                  ; yes             ; Megafunction                       ; c:/altera/90/quartus/libraries/megafunctions/lpm_add_sub.tdf         ;
; addcore.inc                      ; yes             ; Megafunction                       ; c:/altera/90/quartus/libraries/megafunctions/addcore.inc             ;
; look_add.inc                     ; yes             ; Megafunction                       ; c:/altera/90/quartus/libraries/megafunctions/look_add.inc            ;
; bypassff.inc                     ; yes             ; Megafunction                       ; c:/altera/90/quartus/libraries/megafunctions/bypassff.inc            ;
; altshift.inc                     ; yes             ; Megafunction                       ; c:/altera/90/quartus/libraries/megafunctions/altshift.inc            ;
; alt_stratix_add_sub.inc          ; yes             ; Megafunction                       ; c:/altera/90/quartus/libraries/megafunctions/alt_stratix_add_sub.inc ;
; alt_mercury_add_sub.inc          ; yes             ; Megafunction                       ; c:/altera/90/quartus/libraries/megafunctions/alt_mercury_add_sub.inc ;
; addcore.tdf                      ; yes             ; Megafunction                       ; c:/altera/90/quartus/libraries/megafunctions/addcore.tdf             ;
; a_csnbuffer.inc                  ; yes             ; Megafunction                       ; c:/altera/90/quartus/libraries/megafunctions/a_csnbuffer.inc         ;
; a_csnbuffer.tdf                  ; yes             ; Megafunction                       ; c:/altera/90/quartus/libraries/megafunctions/a_csnbuffer.tdf         ;
; altshift.tdf                     ; yes             ; Megafunction                       ; c:/altera/90/quartus/libraries/megafunctions/altshift.tdf            ;
; lpm_constant.tdf                 ; yes             ; Megafunction                       ; c:/altera/90/quartus/libraries/megafunctions/lpm_constant.tdf        ;
; cmpconst.tdf                     ; yes             ; Megafunction                       ; c:/altera/90/quartus/libraries/megafunctions/cmpconst.tdf            ;
; lpm_ff.tdf                       ; yes             ; Megafunction                       ; c:/altera/90/quartus/libraries/megafunctions/lpm_ff.tdf              ;
; lpm_shiftreg.tdf                 ; yes             ; Megafunction                       ; c:/altera/90/quartus/libraries/megafunctions/lpm_shiftreg.tdf        ;
+----------------------------------+-----------------+------------------------------------+----------------------------------------------------------------------+


+---------------------------------------------+
; Analysis & Synthesis Resource Usage Summary ;
+----------------------+----------------------+
; Resource             ; Usage                ;
+----------------------+----------------------+
; Logic cells          ; 44                   ;
; Total registers      ; 34                   ;
; I/O pins             ; 28                   ;
; Shareable expanders  ; 18                   ;
; Parallel expanders   ; 9                    ;
; Maximum fan-out node ; Reset_Universal      ;
; Maximum fan-out      ; 35                   ;
; Total fan-out        ; 512                  ;
; Average fan-out      ; 5.69                 ;
+----------------------+----------------------+


+-------------------------------------------------------------------------------------------------------------------------------------------------------+
; Analysis & Synthesis Resource Utilization by Entity                                                                                                   ;
+---------------------------------------------+------------+------+----------------------------------------------------------------------+--------------+
; Compilation Hierarchy Node                  ; Macrocells ; Pins ; Full Hierarchy Name                                                  ; Library Name ;
+---------------------------------------------+------------+------+----------------------------------------------------------------------+--------------+
; |Contador_Regressivo                        ; 44         ; 28   ; |Contador_Regressivo                                                 ; work         ;
;    |FlipFlopT:inst45|                       ; 1          ; 0    ; |Contador_Regressivo|FlipFlopT:inst45                                ; work         ;
;       |lpm_ff:lpm_ff_component|             ; 1          ; 0    ; |Contador_Regressivo|FlipFlopT:inst45|lpm_ff:lpm_ff_component        ; work         ;
;    |count10:inst3|                          ; 6          ; 0    ; |Contador_Regressivo|count10:inst3                                   ; work         ;
;       |lpm_counter:lpm_counter_component|   ; 6          ; 0    ; |Contador_Regressivo|count10:inst3|lpm_counter:lpm_counter_component ; work         ;
;    |count10:inst4|                          ; 7          ; 0    ; |Contador_Regressivo|count10:inst4                                   ; work         ;
;       |lpm_counter:lpm_counter_component|   ; 7          ; 0    ; |Contador_Regressivo|count10:inst4|lpm_counter:lpm_counter_component ; work         ;
;    |count6:inst6|                           ; 6          ; 0    ; |Contador_Regressivo|count6:inst6                                    ; work         ;
;       |lpm_counter:lpm_counter_component|   ; 6          ; 0    ; |Contador_Regressivo|count6:inst6|lpm_counter:lpm_counter_component  ; work         ;
;    |count6:inst7|                           ; 4          ; 0    ; |Contador_Regressivo|count6:inst7                                    ; work         ;
;       |lpm_counter:lpm_counter_component|   ; 4          ; 0    ; |Contador_Regressivo|count6:inst7|lpm_counter:lpm_counter_component  ; work         ;
;    |div10:inst8|                            ; 4          ; 0    ; |Contador_Regressivo|div10:inst8                                     ; work         ;
;       |lpm_counter:lpm_counter_component|   ; 4          ; 0    ; |Contador_Regressivo|div10:inst8|lpm_counter:lpm_counter_component   ; work         ;
;    |reg10:inst9|                            ; 4          ; 0    ; |Contador_Regressivo|reg10:inst9                                     ; work         ;
;       |lpm_shiftreg:lpm_shiftreg_component| ; 4          ; 0    ; |Contador_Regressivo|reg10:inst9|lpm_shiftreg:lpm_shiftreg_component ; work         ;
;    |reg10:inst|                             ; 4          ; 0    ; |Contador_Regressivo|reg10:inst                                      ; work         ;
;       |lpm_shiftreg:lpm_shiftreg_component| ; 4          ; 0    ; |Contador_Regressivo|reg10:inst|lpm_shiftreg:lpm_shiftreg_component  ; work         ;
;    |reg6:inst10|                            ; 3          ; 0    ; |Contador_Regressivo|reg6:inst10                                     ; work         ;
;       |lpm_shiftreg:lpm_shiftreg_component| ; 3          ; 0    ; |Contador_Regressivo|reg6:inst10|lpm_shiftreg:lpm_shiftreg_component ; work         ;
;    |reg6:inst11|                            ; 3          ; 0    ; |Contador_Regressivo|reg6:inst11                                     ; work         ;
;       |lpm_shiftreg:lpm_shiftreg_component| ; 3          ; 0    ; |Contador_Regressivo|reg6:inst11|lpm_shiftreg:lpm_shiftreg_component ; work         ;
;    |start_stop:inst5|                       ; 1          ; 0    ; |Contador_Regressivo|start_stop:inst5                                ; work         ;
;       |lpm_ff:lpm_ff_component|             ; 1          ; 0    ; |Contador_Regressivo|start_stop:inst5|lpm_ff:lpm_ff_component        ; work         ;
+---------------------------------------------+------------+------+----------------------------------------------------------------------+--------------+


+------------------------------------------------------------------------+
; Source assignments for count10:inst3|lpm_counter:lpm_counter_component ;
+---------------------------+-------+------+-----------------------------+
; Assignment                ; Value ; From ; To                          ;
+---------------------------+-------+------+-----------------------------+
; SUPPRESS_DA_RULE_INTERNAL ; a101  ; -    ; -                           ;
; SUPPRESS_DA_RULE_INTERNAL ; s102  ; -    ; -                           ;
; SUPPRESS_DA_RULE_INTERNAL ; s103  ; -    ; -                           ;
+---------------------------+-------+------+-----------------------------+


+----------------------------------------------------------------------------------------------------------+
; Source assignments for count10:inst3|lpm_counter:lpm_counter_component|lpm_add_sub:add_sub|addcore:adder ;
+---------------------------+-------+------+---------------------------------------------------------------+
; Assignment                ; Value ; From ; To                                                            ;
+---------------------------+-------+------+---------------------------------------------------------------+
; SUPPRESS_DA_RULE_INTERNAL ; A103  ; -    ; -                                                             ;
+---------------------------+-------+------+---------------------------------------------------------------+


+---------------------------------------------------------------------------------------------------------------------------+
; Source assignments for count10:inst3|lpm_counter:lpm_counter_component|lpm_add_sub:add_sub|addcore:adder|addcore:adder[0] ;
+---------------------------+-------+------+--------------------------------------------------------------------------------+
; Assignment                ; Value ; From ; To                                                                             ;
+---------------------------+-------+------+--------------------------------------------------------------------------------+
; SUPPRESS_DA_RULE_INTERNAL ; A103  ; -    ; -                                                                              ;
+---------------------------+-------+------+--------------------------------------------------------------------------------+


+----------------------------------------------------------------------+
; Source assignments for div10:inst8|lpm_counter:lpm_counter_component ;
+---------------------------+-------+------+---------------------------+
; Assignment                ; Value ; From ; To                        ;
+---------------------------+-------+------+---------------------------+
; SUPPRESS_DA_RULE_INTERNAL ; a101  ; -    ; -                         ;
; SUPPRESS_DA_RULE_INTERNAL ; s102  ; -    ; -                         ;
; SUPPRESS_DA_RULE_INTERNAL ; s103  ; -    ; -                         ;
+---------------------------+-------+------+---------------------------+


+--------------------------------------------------------------------------------------------------------+
; Source assignments for div10:inst8|lpm_counter:lpm_counter_component|lpm_add_sub:add_sub|addcore:adder ;
+---------------------------+-------+------+-------------------------------------------------------------+
; Assignment                ; Value ; From ; To                                                          ;
+---------------------------+-------+------+-------------------------------------------------------------+
; SUPPRESS_DA_RULE_INTERNAL ; A103  ; -    ; -                                                           ;
+---------------------------+-------+------+-------------------------------------------------------------+


+-------------------------------------------------------------------------------------------------------------------------+
; Source assignments for div10:inst8|lpm_counter:lpm_counter_component|lpm_add_sub:add_sub|addcore:adder|addcore:adder[0] ;
+---------------------------+-------+------+------------------------------------------------------------------------------+
; Assignment                ; Value ; From ; To                                                                           ;
+---------------------------+-------+------+------------------------------------------------------------------------------+
; SUPPRESS_DA_RULE_INTERNAL ; A103  ; -    ; -                                                                            ;
+---------------------------+-------+------+------------------------------------------------------------------------------+


+-----------------------------------------------------------------------+
; Source assignments for count6:inst7|lpm_counter:lpm_counter_component ;
+---------------------------+-------+------+----------------------------+
; Assignment                ; Value ; From ; To                         ;
+---------------------------+-------+------+----------------------------+
; SUPPRESS_DA_RULE_INTERNAL ; a101  ; -    ; -                          ;
; SUPPRESS_DA_RULE_INTERNAL ; s102  ; -    ; -                          ;
; SUPPRESS_DA_RULE_INTERNAL ; s103  ; -    ; -                          ;
+---------------------------+-------+------+----------------------------+


+---------------------------------------------------------------------------------------------------------+
; Source assignments for count6:inst7|lpm_counter:lpm_counter_component|lpm_add_sub:add_sub|addcore:adder ;
+---------------------------+-------+------+--------------------------------------------------------------+
; Assignment                ; Value ; From ; To                                                           ;
+---------------------------+-------+------+--------------------------------------------------------------+
; SUPPRESS_DA_RULE_INTERNAL ; A103  ; -    ; -                                                            ;
+---------------------------+-------+------+--------------------------------------------------------------+


+--------------------------------------------------------------------------------------------------------------------------+
; Source assignments for count6:inst7|lpm_counter:lpm_counter_component|lpm_add_sub:add_sub|addcore:adder|addcore:adder[0] ;
+---------------------------+-------+------+-------------------------------------------------------------------------------+
; Assignment                ; Value ; From ; To                                                                            ;
+---------------------------+-------+------+-------------------------------------------------------------------------------+
; SUPPRESS_DA_RULE_INTERNAL ; A103  ; -    ; -                                                                             ;
+---------------------------+-------+------+-------------------------------------------------------------------------------+


+------------------------------------------------------------------------+
; Source assignments for count10:inst4|lpm_counter:lpm_counter_component ;
+---------------------------+-------+------+-----------------------------+
; Assignment                ; Value ; From ; To                          ;
+---------------------------+-------+------+-----------------------------+
; SUPPRESS_DA_RULE_INTERNAL ; a101  ; -    ; -                           ;
; SUPPRESS_DA_RULE_INTERNAL ; s102  ; -    ; -                           ;
; SUPPRESS_DA_RULE_INTERNAL ; s103  ; -    ; -                           ;
+---------------------------+-------+------+-----------------------------+


+----------------------------------------------------------------------------------------------------------+
; Source assignments for count10:inst4|lpm_counter:lpm_counter_component|lpm_add_sub:add_sub|addcore:adder ;
+---------------------------+-------+------+---------------------------------------------------------------+
; Assignment                ; Value ; From ; To                                                            ;
+---------------------------+-------+------+---------------------------------------------------------------+
; SUPPRESS_DA_RULE_INTERNAL ; A103  ; -    ; -                                                             ;
+---------------------------+-------+------+---------------------------------------------------------------+


+---------------------------------------------------------------------------------------------------------------------------+
; Source assignments for count10:inst4|lpm_counter:lpm_counter_component|lpm_add_sub:add_sub|addcore:adder|addcore:adder[0] ;
+---------------------------+-------+------+--------------------------------------------------------------------------------+
; Assignment                ; Value ; From ; To                                                                             ;
+---------------------------+-------+------+--------------------------------------------------------------------------------+
; SUPPRESS_DA_RULE_INTERNAL ; A103  ; -    ; -                                                                              ;
+---------------------------+-------+------+--------------------------------------------------------------------------------+


+-----------------------------------------------------------------------+
; Source assignments for count6:inst6|lpm_counter:lpm_counter_component ;
+---------------------------+-------+------+----------------------------+
; Assignment                ; Value ; From ; To                         ;
+---------------------------+-------+------+----------------------------+
; SUPPRESS_DA_RULE_INTERNAL ; a101  ; -    ; -                          ;
; SUPPRESS_DA_RULE_INTERNAL ; s102  ; -    ; -                          ;
; SUPPRESS_DA_RULE_INTERNAL ; s103  ; -    ; -                          ;
+---------------------------+-------+------+----------------------------+


+---------------------------------------------------------------------------------------------------------+
; Source assignments for count6:inst6|lpm_counter:lpm_counter_component|lpm_add_sub:add_sub|addcore:adder ;
+---------------------------+-------+------+--------------------------------------------------------------+
; Assignment                ; Value ; From ; To                                                           ;
+---------------------------+-------+------+--------------------------------------------------------------+
; SUPPRESS_DA_RULE_INTERNAL ; A103  ; -    ; -                                                            ;
+---------------------------+-------+------+--------------------------------------------------------------+


+--------------------------------------------------------------------------------------------------------------------------+
; Source assignments for count6:inst6|lpm_counter:lpm_counter_component|lpm_add_sub:add_sub|addcore:adder|addcore:adder[0] ;
+---------------------------+-------+------+-------------------------------------------------------------------------------+
; Assignment                ; Value ; From ; To                                                                            ;
+---------------------------+-------+------+-------------------------------------------------------------------------------+
; SUPPRESS_DA_RULE_INTERNAL ; A103  ; -    ; -                                                                             ;
+---------------------------+-------+------+-------------------------------------------------------------------------------+


+----------------------------------------------------------------------------------------------+
; Parameter Settings for User Entity Instance: count10:inst3|lpm_counter:lpm_counter_component ;
+------------------------+-------------+-------------------------------------------------------+
; Parameter Name         ; Value       ; Type                                                  ;
+------------------------+-------------+-------------------------------------------------------+
; AUTO_CARRY_CHAINS      ; ON          ; AUTO_CARRY                                            ;
; IGNORE_CARRY_BUFFERS   ; OFF         ; IGNORE_CARRY                                          ;
; AUTO_CASCADE_CHAINS    ; ON          ; AUTO_CASCADE                                          ;
; IGNORE_CASCADE_BUFFERS ; OFF         ; IGNORE_CASCADE                                        ;
; LPM_WIDTH              ; 4           ; Signed Integer                                        ;
; LPM_DIRECTION          ; DOWN        ; Untyped                                               ;
; LPM_MODULUS            ; 10          ; Signed Integer                                        ;
; LPM_AVALUE             ; UNUSED      ; Untyped                                               ;
; LPM_SVALUE             ; UNUSED      ; Untyped                                               ;
; LPM_PORT_UPDOWN        ; PORT_UNUSED ; Untyped                                               ;
; DEVICE_FAMILY          ; MAX7000S    ; Untyped                                               ;
; CARRY_CHAIN            ; MANUAL      ; Untyped                                               ;
; CARRY_CHAIN_LENGTH     ; 48          ; CARRY_CHAIN_LENGTH                                    ;
; NOT_GATE_PUSH_BACK     ; ON          ; NOT_GATE_PUSH_BACK                                    ;
; CARRY_CNT_EN           ; SMART       ; Untyped                                               ;
; LABWIDE_SCLR           ; ON          ; Untyped                                               ;
; USE_NEW_VERSION        ; TRUE        ; Untyped                                               ;
; CBXI_PARAMETER         ; NOTHING     ; Untyped                                               ;
+------------------------+-------------+-------------------------------------------------------+
Note: In order to hide this table in the UI and the text report file, please set the "Show Parameter Settings Tables in Synthesis Report" option in "Analysis and Synthesis Settings -> More Settings" to "Off".


+--------------------------------------------------------------------------------------------+
; Parameter Settings for User Entity Instance: div10:inst8|lpm_counter:lpm_counter_component ;
+------------------------+-------------+-----------------------------------------------------+
; Parameter Name         ; Value       ; Type                                                ;
+------------------------+-------------+-----------------------------------------------------+
; AUTO_CARRY_CHAINS      ; ON          ; AUTO_CARRY                                          ;
; IGNORE_CARRY_BUFFERS   ; OFF         ; IGNORE_CARRY                                        ;
; AUTO_CASCADE_CHAINS    ; ON          ; AUTO_CASCADE                                        ;
; IGNORE_CASCADE_BUFFERS ; OFF         ; IGNORE_CASCADE                                      ;
; LPM_WIDTH              ; 4           ; Signed Integer                                      ;
; LPM_DIRECTION          ; UP          ; Untyped                                             ;
; LPM_MODULUS            ; 10          ; Signed Integer                                      ;
; LPM_AVALUE             ; UNUSED      ; Untyped                                             ;
; LPM_SVALUE             ; UNUSED      ; Untyped                                             ;
; LPM_PORT_UPDOWN        ; PORT_UNUSED ; Untyped                                             ;
; DEVICE_FAMILY          ; MAX7000S    ; Untyped                                             ;
; CARRY_CHAIN            ; MANUAL      ; Untyped                                             ;
; CARRY_CHAIN_LENGTH     ; 48          ; CARRY_CHAIN_LENGTH                                  ;
; NOT_GATE_PUSH_BACK     ; ON          ; NOT_GATE_PUSH_BACK                                  ;
; CARRY_CNT_EN           ; SMART       ; Untyped                                             ;
; LABWIDE_SCLR           ; ON          ; Untyped                                             ;
; USE_NEW_VERSION        ; TRUE        ; Untyped                                             ;
; CBXI_PARAMETER         ; NOTHING     ; Untyped                                             ;
+------------------------+-------------+-----------------------------------------------------+
Note: In order to hide this table in the UI and the text report file, please set the "Show Parameter Settings Tables in Synthesis Report" option in "Analysis and Synthesis Settings -> More Settings" to "Off".


+---------------------------------------------------------------------------------------+
; Parameter Settings for User Entity Instance: start_stop:inst5|lpm_ff:lpm_ff_component ;
+------------------------+----------+---------------------------------------------------+
; Parameter Name         ; Value    ; Type                                              ;
+------------------------+----------+---------------------------------------------------+
; LPM_WIDTH              ; 1        ; Signed Integer                                    ;
; LPM_AVALUE             ; UNUSED   ; Untyped                                           ;
; LPM_SVALUE             ; UNUSED   ; Untyped                                           ;
; LPM_FFTYPE             ; TFF      ; Untyped                                           ;
; DEVICE_FAMILY          ; MAX7000S ; Untyped                                           ;
; CBXI_PARAMETER         ; NOTHING  ; Untyped                                           ;
; AUTO_CARRY_CHAINS      ; ON       ; AUTO_CARRY                                        ;
; IGNORE_CARRY_BUFFERS   ; OFF      ; IGNORE_CARRY                                      ;
; AUTO_CASCADE_CHAINS    ; ON       ; AUTO_CASCADE                                      ;
; IGNORE_CASCADE_BUFFERS ; OFF      ; IGNORE_CASCADE                                    ;
+------------------------+----------+---------------------------------------------------+
Note: In order to hide this table in the UI and the text report file, please set the "Show Parameter Settings Tables in Synthesis Report" option in "Analysis and Synthesis Settings -> More Settings" to "Off".


+---------------------------------------------------------------------------------------------+
; Parameter Settings for User Entity Instance: reg10:inst|lpm_shiftreg:lpm_shiftreg_component ;
+------------------------+----------+---------------------------------------------------------+
; Parameter Name         ; Value    ; Type                                                    ;
+------------------------+----------+---------------------------------------------------------+
; LPM_WIDTH              ; 4        ; Signed Integer                                          ;
; LPM_DIRECTION          ; RIGHT    ; Untyped                                                 ;
; LPM_AVALUE             ; UNUSED   ; Untyped                                                 ;
; LPM_SVALUE             ; UNUSED   ; Untyped                                                 ;
; DEVICE_FAMILY          ; MAX7000S ; Untyped                                                 ;
; AUTO_CARRY_CHAINS      ; ON       ; AUTO_CARRY                                              ;
; IGNORE_CARRY_BUFFERS   ; OFF      ; IGNORE_CARRY                                            ;
; AUTO_CASCADE_CHAINS    ; ON       ; AUTO_CASCADE                                            ;
; IGNORE_CASCADE_BUFFERS ; OFF      ; IGNORE_CASCADE                                          ;
+------------------------+----------+---------------------------------------------------------+
Note: In order to hide this table in the UI and the text report file, please set the "Show Parameter Settings Tables in Synthesis Report" option in "Analysis and Synthesis Settings -> More Settings" to "Off".


+---------------------------------------------------------------------------------------------+
; Parameter Settings for User Entity Instance: count6:inst7|lpm_counter:lpm_counter_component ;
+------------------------+-------------+------------------------------------------------------+
; Parameter Name         ; Value       ; Type                                                 ;
+------------------------+-------------+------------------------------------------------------+
; AUTO_CARRY_CHAINS      ; ON          ; AUTO_CARRY                                           ;
; IGNORE_CARRY_BUFFERS   ; OFF         ; IGNORE_CARRY                                         ;
; AUTO_CASCADE_CHAINS    ; ON          ; AUTO_CASCADE                                         ;
; IGNORE_CASCADE_BUFFERS ; OFF         ; IGNORE_CASCADE                                       ;
; LPM_WIDTH              ; 3           ; Signed Integer                                       ;
; LPM_DIRECTION          ; DOWN        ; Untyped                                              ;
; LPM_MODULUS            ; 6           ; Signed Integer                                       ;
; LPM_AVALUE             ; UNUSED      ; Untyped                                              ;
; LPM_SVALUE             ; UNUSED      ; Untyped                                              ;
; LPM_PORT_UPDOWN        ; PORT_UNUSED ; Untyped                                              ;
; DEVICE_FAMILY          ; MAX7000S    ; Untyped                                              ;
; CARRY_CHAIN            ; MANUAL      ; Untyped                                              ;
; CARRY_CHAIN_LENGTH     ; 48          ; CARRY_CHAIN_LENGTH                                   ;
; NOT_GATE_PUSH_BACK     ; ON          ; NOT_GATE_PUSH_BACK                                   ;
; CARRY_CNT_EN           ; SMART       ; Untyped                                              ;
; LABWIDE_SCLR           ; ON          ; Untyped                                              ;
; USE_NEW_VERSION        ; TRUE        ; Untyped                                              ;
; CBXI_PARAMETER         ; NOTHING     ; Untyped                                              ;
+------------------------+-------------+------------------------------------------------------+
Note: In order to hide this table in the UI and the text report file, please set the "Show Parameter Settings Tables in Synthesis Report" option in "Analysis and Synthesis Settings -> More Settings" to "Off".


+----------------------------------------------------------------------------------------------+
; Parameter Settings for User Entity Instance: count10:inst4|lpm_counter:lpm_counter_component ;
+------------------------+-------------+-------------------------------------------------------+
; Parameter Name         ; Value       ; Type                                                  ;
+------------------------+-------------+-------------------------------------------------------+
; AUTO_CARRY_CHAINS      ; ON          ; AUTO_CARRY                                            ;
; IGNORE_CARRY_BUFFERS   ; OFF         ; IGNORE_CARRY                                          ;
; AUTO_CASCADE_CHAINS    ; ON          ; AUTO_CASCADE                                          ;
; IGNORE_CASCADE_BUFFERS ; OFF         ; IGNORE_CASCADE                                        ;
; LPM_WIDTH              ; 4           ; Signed Integer                                        ;
; LPM_DIRECTION          ; DOWN        ; Untyped                                               ;
; LPM_MODULUS            ; 10          ; Signed Integer                                        ;
; LPM_AVALUE             ; UNUSED      ; Untyped                                               ;
; LPM_SVALUE             ; UNUSED      ; Untyped                                               ;
; LPM_PORT_UPDOWN        ; PORT_UNUSED ; Untyped                                               ;
; DEVICE_FAMILY          ; MAX7000S    ; Untyped                                               ;
; CARRY_CHAIN            ; MANUAL      ; Untyped                                               ;
; CARRY_CHAIN_LENGTH     ; 48          ; CARRY_CHAIN_LENGTH                                    ;
; NOT_GATE_PUSH_BACK     ; ON          ; NOT_GATE_PUSH_BACK                                    ;
; CARRY_CNT_EN           ; SMART       ; Untyped                                               ;
; LABWIDE_SCLR           ; ON          ; Untyped                                               ;
; USE_NEW_VERSION        ; TRUE        ; Untyped                                               ;
; CBXI_PARAMETER         ; NOTHING     ; Untyped                                               ;
+------------------------+-------------+-------------------------------------------------------+
Note: In order to hide this table in the UI and the text report file, please set the "Show Parameter Settings Tables in Synthesis Report" option in "Analysis and Synthesis Settings -> More Settings" to "Off".


+---------------------------------------------------------------------------------------------+
; Parameter Settings for User Entity Instance: count6:inst6|lpm_counter:lpm_counter_component ;
+------------------------+-------------+------------------------------------------------------+
; Parameter Name         ; Value       ; Type                                                 ;
+------------------------+-------------+------------------------------------------------------+
; AUTO_CARRY_CHAINS      ; ON          ; AUTO_CARRY                                           ;
; IGNORE_CARRY_BUFFERS   ; OFF         ; IGNORE_CARRY                                         ;
; AUTO_CASCADE_CHAINS    ; ON          ; AUTO_CASCADE                                         ;
; IGNORE_CASCADE_BUFFERS ; OFF         ; IGNORE_CASCADE                                       ;
; LPM_WIDTH              ; 3           ; Signed Integer                                       ;
; LPM_DIRECTION          ; DOWN        ; Untyped                                              ;
; LPM_MODULUS            ; 6           ; Signed Integer                                       ;
; LPM_AVALUE             ; UNUSED      ; Untyped                                              ;
; LPM_SVALUE             ; UNUSED      ; Untyped                                              ;
; LPM_PORT_UPDOWN        ; PORT_UNUSED ; Untyped                                              ;
; DEVICE_FAMILY          ; MAX7000S    ; Untyped                                              ;
; CARRY_CHAIN            ; MANUAL      ; Untyped                                              ;
; CARRY_CHAIN_LENGTH     ; 48          ; CARRY_CHAIN_LENGTH                                   ;
; NOT_GATE_PUSH_BACK     ; ON          ; NOT_GATE_PUSH_BACK                                   ;
; CARRY_CNT_EN           ; SMART       ; Untyped                                              ;
; LABWIDE_SCLR           ; ON          ; Untyped                                              ;
; USE_NEW_VERSION        ; TRUE        ; Untyped                                              ;
; CBXI_PARAMETER         ; NOTHING     ; Untyped                                              ;
+------------------------+-------------+------------------------------------------------------+
Note: In order to hide this table in the UI and the text report file, please set the "Show Parameter Settings Tables in Synthesis Report" option in "Analysis and Synthesis Settings -> More Settings" to "Off".


+----------------------------------------------------------------------------------------------+
; Parameter Settings for User Entity Instance: reg6:inst10|lpm_shiftreg:lpm_shiftreg_component ;
+------------------------+----------+----------------------------------------------------------+
; Parameter Name         ; Value    ; Type                                                     ;
+------------------------+----------+----------------------------------------------------------+
; LPM_WIDTH              ; 3        ; Signed Integer                                           ;
; LPM_DIRECTION          ; RIGHT    ; Untyped                                                  ;
; LPM_AVALUE             ; UNUSED   ; Untyped                                                  ;
; LPM_SVALUE             ; UNUSED   ; Untyped                                                  ;
; DEVICE_FAMILY          ; MAX7000S ; Untyped                                                  ;
; AUTO_CARRY_CHAINS      ; ON       ; AUTO_CARRY                                               ;
; IGNORE_CARRY_BUFFERS   ; OFF      ; IGNORE_CARRY                                             ;
; AUTO_CASCADE_CHAINS    ; ON       ; AUTO_CASCADE                                             ;
; IGNORE_CASCADE_BUFFERS ; OFF      ; IGNORE_CASCADE                                           ;
+------------------------+----------+----------------------------------------------------------+
Note: In order to hide this table in the UI and the text report file, please set the "Show Parameter Settings Tables in Synthesis Report" option in "Analysis and Synthesis Settings -> More Settings" to "Off".


+----------------------------------------------------------------------------------------------+
; Parameter Settings for User Entity Instance: reg10:inst9|lpm_shiftreg:lpm_shiftreg_component ;
+------------------------+----------+----------------------------------------------------------+
; Parameter Name         ; Value    ; Type                                                     ;
+------------------------+----------+----------------------------------------------------------+
; LPM_WIDTH              ; 4        ; Signed Integer                                           ;
; LPM_DIRECTION          ; RIGHT    ; Untyped                                                  ;
; LPM_AVALUE             ; UNUSED   ; Untyped                                                  ;
; LPM_SVALUE             ; UNUSED   ; Untyped                                                  ;
; DEVICE_FAMILY          ; MAX7000S ; Untyped                                                  ;
; AUTO_CARRY_CHAINS      ; ON       ; AUTO_CARRY                                               ;
; IGNORE_CARRY_BUFFERS   ; OFF      ; IGNORE_CARRY                                             ;
; AUTO_CASCADE_CHAINS    ; ON       ; AUTO_CASCADE                                             ;
; IGNORE_CASCADE_BUFFERS ; OFF      ; IGNORE_CASCADE                                           ;
+------------------------+----------+----------------------------------------------------------+
Note: In order to hide this table in the UI and the text report file, please set the "Show Parameter Settings Tables in Synthesis Report" option in "Analysis and Synthesis Settings -> More Settings" to "Off".


+----------------------------------------------------------------------------------------------+
; Parameter Settings for User Entity Instance: reg6:inst11|lpm_shiftreg:lpm_shiftreg_component ;
+------------------------+----------+----------------------------------------------------------+
; Parameter Name         ; Value    ; Type                                                     ;
+------------------------+----------+----------------------------------------------------------+
; LPM_WIDTH              ; 3        ; Signed Integer                                           ;
; LPM_DIRECTION          ; RIGHT    ; Untyped                                                  ;
; LPM_AVALUE             ; UNUSED   ; Untyped                                                  ;
; LPM_SVALUE             ; UNUSED   ; Untyped                                                  ;
; DEVICE_FAMILY          ; MAX7000S ; Untyped                                                  ;
; AUTO_CARRY_CHAINS      ; ON       ; AUTO_CARRY                                               ;
; IGNORE_CARRY_BUFFERS   ; OFF      ; IGNORE_CARRY                                             ;
; AUTO_CASCADE_CHAINS    ; ON       ; AUTO_CASCADE                                             ;
; IGNORE_CASCADE_BUFFERS ; OFF      ; IGNORE_CASCADE                                           ;
+------------------------+----------+----------------------------------------------------------+
Note: In order to hide this table in the UI and the text report file, please set the "Show Parameter Settings Tables in Synthesis Report" option in "Analysis and Synthesis Settings -> More Settings" to "Off".


+---------------------------------------------------------------------------------------+
; Parameter Settings for User Entity Instance: FlipFlopT:inst45|lpm_ff:lpm_ff_component ;
+------------------------+----------+---------------------------------------------------+
; Parameter Name         ; Value    ; Type                                              ;
+------------------------+----------+---------------------------------------------------+
; LPM_WIDTH              ; 1        ; Signed Integer                                    ;
; LPM_AVALUE             ; UNUSED   ; Untyped                                           ;
; LPM_SVALUE             ; UNUSED   ; Untyped                                           ;
; LPM_FFTYPE             ; TFF      ; Untyped                                           ;
; DEVICE_FAMILY          ; MAX7000S ; Untyped                                           ;
; CBXI_PARAMETER         ; NOTHING  ; Untyped                                           ;
; AUTO_CARRY_CHAINS      ; ON       ; AUTO_CARRY                                        ;
; IGNORE_CARRY_BUFFERS   ; OFF      ; IGNORE_CARRY                                      ;
; AUTO_CASCADE_CHAINS    ; ON       ; AUTO_CASCADE                                      ;
; IGNORE_CASCADE_BUFFERS ; OFF      ; IGNORE_CASCADE                                    ;
+------------------------+----------+---------------------------------------------------+
Note: In order to hide this table in the UI and the text report file, please set the "Show Parameter Settings Tables in Synthesis Report" option in "Analysis and Synthesis Settings -> More Settings" to "Off".


+------------------------------------------------------------------------------+
; lpm_shiftreg Parameter Settings by Entity Instance                           ;
+----------------------------+-------------------------------------------------+
; Name                       ; Value                                           ;
+----------------------------+-------------------------------------------------+
; Number of entity instances ; 4                                               ;
; Entity Instance            ; reg10:inst|lpm_shiftreg:lpm_shiftreg_component  ;
;     -- LPM_WIDTH           ; 4                                               ;
;     -- LPM_DIRECTION       ; RIGHT                                           ;
; Entity Instance            ; reg6:inst10|lpm_shiftreg:lpm_shiftreg_component ;
;     -- LPM_WIDTH           ; 3                                               ;
;     -- LPM_DIRECTION       ; RIGHT                                           ;
; Entity Instance            ; reg10:inst9|lpm_shiftreg:lpm_shiftreg_component ;
;     -- LPM_WIDTH           ; 4                                               ;
;     -- LPM_DIRECTION       ; RIGHT                                           ;
; Entity Instance            ; reg6:inst11|lpm_shiftreg:lpm_shiftreg_component ;
;     -- LPM_WIDTH           ; 3                                               ;
;     -- LPM_DIRECTION       ; RIGHT                                           ;
+----------------------------+-------------------------------------------------+


+-------------------------------+
; Analysis & Synthesis Messages ;
+-------------------------------+
Info: *******************************************************************
Info: Running Quartus II Analysis & Synthesis
    Info: Version 9.0 Build 132 02/25/2009 SJ Web Edition
    Info: Processing started: Tue Jun 09 13:49:06 2009
Info: Command: quartus_map --read_settings_files=on --write_settings_files=off Contador_Regressivo -c Contador_Regressivo
Info: Found 2 design units, including 1 entities, in source file count10.vhd
    Info: Found design unit 1: count10-SYN
    Info: Found entity 1: count10
Info: Found 2 design units, including 1 entities, in source file count6.vhd
    Info: Found design unit 1: count6-SYN
    Info: Found entity 1: count6
Info: Found 2 design units, including 1 entities, in source file FlipFlopT.vhd
    Info: Found design unit 1: flipflopt-SYN
    Info: Found entity 1: FlipFlopT
Info: Found 2 design units, including 1 entities, in source file reg10.vhd
    Info: Found design unit 1: reg10-SYN
    Info: Found entity 1: reg10
Info: Found 2 design units, including 1 entities, in source file reg6.vhd
    Info: Found design unit 1: reg6-SYN
    Info: Found entity 1: reg6
Info: Found 2 design units, including 1 entities, in source file start_stop.vhd
    Info: Found design unit 1: start_stop-SYN
    Info: Found entity 1: start_stop
Info: Found 1 design units, including 1 entities, in source file Contador_Regressivo.bdf
    Info: Found entity 1: Contador_Regressivo
Info: Found 1 design units, including 1 entities, in source file BCD4.bdf
    Info: Found entity 1: BCD4
Info: Found 1 design units, including 1 entities, in source file BCD3.bdf
    Info: Found entity 1: BCD3
Info: Found 2 design units, including 1 entities, in source file div10.vhd
    Info: Found design unit 1: div10-SYN
    Info: Found entity 1: div10
Info: Elaborating entity "Contador_Regressivo" for the top level hierarchy
Info: Elaborating entity "count10" for hierarchy "count10:inst3"
Info: Elaborating entity "lpm_counter" for hierarchy "count10:inst3|lpm_counter:lpm_counter_component"
Info: Elaborated megafunction instantiation "count10:inst3|lpm_counter:lpm_counter_component"
Info: Instantiated megafunction "count10:inst3|lpm_counter:lpm_counter_component" with the following parameter:
    Info: Parameter "lpm_direction" = "DOWN"
    Info: Parameter "lpm_modulus" = "10"
    Info: Parameter "lpm_port_updown" = "PORT_UNUSED"
    Info: Parameter "lpm_type" = "LPM_COUNTER"
    Info: Parameter "lpm_width" = "4"
Info: Elaborating entity "lpm_add_sub" for hierarchy "count10:inst3|lpm_counter:lpm_counter_component|lpm_add_sub:add_sub"
Info: Elaborated megafunction instantiation "count10:inst3|lpm_counter:lpm_counter_component|lpm_add_sub:add_sub", which is child of megafunction instantiation "count10:inst3|lpm_counter:lpm_counter_component"
Info: Elaborating entity "addcore" for hierarchy "count10:inst3|lpm_counter:lpm_counter_component|lpm_add_sub:add_sub|addcore:adder"
Info: Elaborated megafunction instantiation "count10:inst3|lpm_counter:lpm_counter_component|lpm_add_sub:add_sub|addcore:adder", which is child of megafunction instantiation "count10:inst3|lpm_counter:lpm_counter_component"
Info: Elaborating entity "a_csnbuffer" for hierarchy "count10:inst3|lpm_counter:lpm_counter_component|lpm_add_sub:add_sub|addcore:adder|a_csnbuffer:oflow_node"
Info: Elaborated megafunction instantiation "count10:inst3|lpm_counter:lpm_counter_component|lpm_add_sub:add_sub|addcore:adder|a_csnbuffer:oflow_node", which is child of megafunction instantiation "count10:inst3|lpm_counter:lpm_counter_component"
Info: Elaborating entity "a_csnbuffer" for hierarchy "count10:inst3|lpm_counter:lpm_counter_component|lpm_add_sub:add_sub|addcore:adder|a_csnbuffer:result_node"
Info: Elaborated megafunction instantiation "count10:inst3|lpm_counter:lpm_counter_component|lpm_add_sub:add_sub|addcore:adder|a_csnbuffer:result_node", which is child of megafunction instantiation "count10:inst3|lpm_counter:lpm_counter_component"
Info: Elaborating entity "addcore" for hierarchy "count10:inst3|lpm_counter:lpm_counter_component|lpm_add_sub:add_sub|addcore:adder|addcore:adder[0]"
Info: Elaborated megafunction instantiation "count10:inst3|lpm_counter:lpm_counter_component|lpm_add_sub:add_sub|addcore:adder|addcore:adder[0]", which is child of megafunction instantiation "count10:inst3|lpm_counter:lpm_counter_component"
Info: Elaborating entity "a_csnbuffer" for hierarchy "count10:inst3|lpm_counter:lpm_counter_component|lpm_add_sub:add_sub|addcore:adder|addcore:adder[0]|a_csnbuffer:oflow_node"
Info: Elaborated megafunction instantiation "count10:inst3|lpm_counter:lpm_counter_component|lpm_add_sub:add_sub|addcore:adder|addcore:adder[0]|a_csnbuffer:oflow_node", which is child of megafunction instantiation "count10:inst3|lpm_counter:lpm_counter_component"
Info: Elaborating entity "a_csnbuffer" for hierarchy "count10:inst3|lpm_counter:lpm_counter_component|lpm_add_sub:add_sub|addcore:adder|addcore:adder[0]|a_csnbuffer:result_node"
Info: Elaborated megafunction instantiation "count10:inst3|lpm_counter:lpm_counter_component|lpm_add_sub:add_sub|addcore:adder|addcore:adder[0]|a_csnbuffer:result_node", which is child of megafunction instantiation "count10:inst3|lpm_counter:lpm_counter_component"
Info: Elaborating entity "altshift" for hierarchy "count10:inst3|lpm_counter:lpm_counter_component|lpm_add_sub:add_sub|altshift:result_ext_latency_ffs"
Info: Elaborated megafunction instantiation "count10:inst3|lpm_counter:lpm_counter_component|lpm_add_sub:add_sub|altshift:result_ext_latency_ffs", which is child of megafunction instantiation "count10:inst3|lpm_counter:lpm_counter_component"
Info: Elaborating entity "altshift" for hierarchy "count10:inst3|lpm_counter:lpm_counter_component|lpm_add_sub:add_sub|altshift:carry_ext_latency_ffs"
Info: Elaborated megafunction instantiation "count10:inst3|lpm_counter:lpm_counter_component|lpm_add_sub:add_sub|altshift:carry_ext_latency_ffs", which is child of megafunction instantiation "count10:inst3|lpm_counter:lpm_counter_component"
Info: Elaborating entity "lpm_constant" for hierarchy "count10:inst3|lpm_counter:lpm_counter_component|lpm_constant:scdw"
Info: Elaborated megafunction instantiation "count10:inst3|lpm_counter:lpm_counter_component|lpm_constant:scdw", which is child of megafunction instantiation "count10:inst3|lpm_counter:lpm_counter_component"
Info: Elaborating entity "cmpconst" for hierarchy "count10:inst3|lpm_counter:lpm_counter_component|cmpconst:$00036"
Info: Elaborated megafunction instantiation "count10:inst3|lpm_counter:lpm_counter_component|cmpconst:$00036", which is child of megafunction instantiation "count10:inst3|lpm_counter:lpm_counter_component"
Info: Elaborating entity "div10" for hierarchy "div10:inst8"
Info: Elaborating entity "lpm_counter" for hierarchy "div10:inst8|lpm_counter:lpm_counter_component"
Info: Elaborated megafunction instantiation "div10:inst8|lpm_counter:lpm_counter_component"
Info: Instantiated megafunction "div10:inst8|lpm_counter:lpm_counter_component" with the following parameter:
    Info: Parameter "lpm_direction" = "UP"
    Info: Parameter "lpm_modulus" = "10"
    Info: Parameter "lpm_port_updown" = "PORT_UNUSED"
    Info: Parameter "lpm_type" = "LPM_COUNTER"
    Info: Parameter "lpm_width" = "4"
Info: Elaborating entity "lpm_add_sub" for hierarchy "div10:inst8|lpm_counter:lpm_counter_component|lpm_add_sub:add_sub"
Info: Elaborated megafunction instantiation "div10:inst8|lpm_counter:lpm_counter_component|lpm_add_sub:add_sub", which is child of megafunction instantiation "div10:inst8|lpm_counter:lpm_counter_component"
Info: Elaborating entity "addcore" for hierarchy "div10:inst8|lpm_counter:lpm_counter_component|lpm_add_sub:add_sub|addcore:adder"
Info: Elaborated megafunction instantiation "div10:inst8|lpm_counter:lpm_counter_component|lpm_add_sub:add_sub|addcore:adder", which is child of megafunction instantiation "div10:inst8|lpm_counter:lpm_counter_component"
Info: Elaborating entity "addcore" for hierarchy "div10:inst8|lpm_counter:lpm_counter_component|lpm_add_sub:add_sub|addcore:adder|addcore:adder[0]"
Info: Elaborated megafunction instantiation "div10:inst8|lpm_counter:lpm_counter_component|lpm_add_sub:add_sub|addcore:adder|addcore:adder[0]", which is child of megafunction instantiation "div10:inst8|lpm_counter:lpm_counter_component"
Info: Elaborating entity "lpm_constant" for hierarchy "div10:inst8|lpm_counter:lpm_counter_component|lpm_constant:scdw"
Info: Elaborated megafunction instantiation "div10:inst8|lpm_counter:lpm_counter_component|lpm_constant:scdw", which is child of megafunction instantiation "div10:inst8|lpm_counter:lpm_counter_component"
Info: Elaborating entity "cmpconst" for hierarchy "div10:inst8|lpm_counter:lpm_counter_component|cmpconst:$00036"
Info: Elaborated megafunction instantiation "div10:inst8|lpm_counter:lpm_counter_component|cmpconst:$00036", which is child of megafunction instantiation "div10:inst8|lpm_counter:lpm_counter_component"
Info: Elaborating entity "start_stop" for hierarchy "start_stop:inst5"
Info: Elaborating entity "lpm_ff" for hierarchy "start_stop:inst5|lpm_ff:lpm_ff_component"
Info: Elaborated megafunction instantiation "start_stop:inst5|lpm_ff:lpm_ff_component"
Info: Instantiated megafunction "start_stop:inst5|lpm_ff:lpm_ff_component" with the following parameter:
    Info: Parameter "lpm_fftype" = "TFF"
    Info: Parameter "lpm_type" = "LPM_FF"
    Info: Parameter "lpm_width" = "1"
Info: Elaborating entity "reg10" for hierarchy "reg10:inst"
Info: Elaborating entity "lpm_shiftreg" for hierarchy "reg10:inst|lpm_shiftreg:lpm_shiftreg_component"
Info: Elaborated megafunction instantiation "reg10:inst|lpm_shiftreg:lpm_shiftreg_component"
Info: Instantiated megafunction "reg10:inst|lpm_shiftreg:lpm_shiftreg_component" with the following parameter:
    Info: Parameter "lpm_direction" = "RIGHT"
    Info: Parameter "lpm_type" = "LPM_SHIFTREG"
    Info: Parameter "lpm_width" = "4"
Info: Elaborating entity "count6" for hierarchy "count6:inst7"
Info: Elaborating entity "lpm_counter" for hierarchy "count6:inst7|lpm_counter:lpm_counter_component"
Info: Elaborated megafunction instantiation "count6:inst7|lpm_counter:lpm_counter_component"
Info: Instantiated megafunction "count6:inst7|lpm_counter:lpm_counter_component" with the following parameter:
    Info: Parameter "lpm_direction" = "DOWN"
    Info: Parameter "lpm_modulus" = "6"
    Info: Parameter "lpm_port_updown" = "PORT_UNUSED"
    Info: Parameter "lpm_type" = "LPM_COUNTER"
    Info: Parameter "lpm_width" = "3"
Info: Elaborating entity "lpm_add_sub" for hierarchy "count6:inst7|lpm_counter:lpm_counter_component|lpm_add_sub:add_sub"
Info: Elaborated megafunction instantiation "count6:inst7|lpm_counter:lpm_counter_component|lpm_add_sub:add_sub", which is child of megafunction instantiation "count6:inst7|lpm_counter:lpm_counter_component"
Info: Elaborating entity "addcore" for hierarchy "count6:inst7|lpm_counter:lpm_counter_component|lpm_add_sub:add_sub|addcore:adder"
Info: Elaborated megafunction instantiation "count6:inst7|lpm_counter:lpm_counter_component|lpm_add_sub:add_sub|addcore:adder", which is child of megafunction instantiation "count6:inst7|lpm_counter:lpm_counter_component"
Info: Elaborating entity "a_csnbuffer" for hierarchy "count6:inst7|lpm_counter:lpm_counter_component|lpm_add_sub:add_sub|addcore:adder|a_csnbuffer:oflow_node"
Info: Elaborated megafunction instantiation "count6:inst7|lpm_counter:lpm_counter_component|lpm_add_sub:add_sub|addcore:adder|a_csnbuffer:oflow_node", which is child of megafunction instantiation "count6:inst7|lpm_counter:lpm_counter_component"
Info: Elaborating entity "a_csnbuffer" for hierarchy "count6:inst7|lpm_counter:lpm_counter_component|lpm_add_sub:add_sub|addcore:adder|a_csnbuffer:result_node"
Info: Elaborated megafunction instantiation "count6:inst7|lpm_counter:lpm_counter_component|lpm_add_sub:add_sub|addcore:adder|a_csnbuffer:result_node", which is child of megafunction instantiation "count6:inst7|lpm_counter:lpm_counter_component"
Info: Elaborating entity "addcore" for hierarchy "count6:inst7|lpm_counter:lpm_counter_component|lpm_add_sub:add_sub|addcore:adder|addcore:adder[0]"
Info: Elaborated megafunction instantiation "count6:inst7|lpm_counter:lpm_counter_component|lpm_add_sub:add_sub|addcore:adder|addcore:adder[0]", which is child of megafunction instantiation "count6:inst7|lpm_counter:lpm_counter_component"
Info: Elaborating entity "altshift" for hierarchy "count6:inst7|lpm_counter:lpm_counter_component|lpm_add_sub:add_sub|altshift:result_ext_latency_ffs"
Info: Elaborated megafunction instantiation "count6:inst7|lpm_counter:lpm_counter_component|lpm_add_sub:add_sub|altshift:result_ext_latency_ffs", which is child of megafunction instantiation "count6:inst7|lpm_counter:lpm_counter_component"
Info: Elaborating entity "lpm_constant" for hierarchy "count6:inst7|lpm_counter:lpm_counter_component|lpm_constant:scdw"
Info: Elaborated megafunction instantiation "count6:inst7|lpm_counter:lpm_counter_component|lpm_constant:scdw", which is child of megafunction instantiation "count6:inst7|lpm_counter:lpm_counter_component"
Info: Elaborating entity "cmpconst" for hierarchy "count6:inst7|lpm_counter:lpm_counter_component|cmpconst:$00036"
Info: Elaborated megafunction instantiation "count6:inst7|lpm_counter:lpm_counter_component|cmpconst:$00036", which is child of megafunction instantiation "count6:inst7|lpm_counter:lpm_counter_component"
Info: Elaborating entity "reg6" for hierarchy "reg6:inst10"
Info: Elaborating entity "lpm_shiftreg" for hierarchy "reg6:inst10|lpm_shiftreg:lpm_shiftreg_component"
Info: Elaborated megafunction instantiation "reg6:inst10|lpm_shiftreg:lpm_shiftreg_component"
Info: Instantiated megafunction "reg6:inst10|lpm_shiftreg:lpm_shiftreg_component" with the following parameter:
    Info: Parameter "lpm_direction" = "RIGHT"
    Info: Parameter "lpm_type" = "LPM_SHIFTREG"
    Info: Parameter "lpm_width" = "3"
Info: Elaborating entity "FlipFlopT" for hierarchy "FlipFlopT:inst45"
Info: Ignored 27 buffer(s)
    Info: Ignored 27 SOFT buffer(s)
Info: Promoted pin-driven signal(s) to global signal
    Info: Promoted clock signal driven by pin "clock" to global clock signal
    Info: Promoted clock signal driven by pin "colocador_uniseg" to global clock signal
Info: Implemented 90 device resources after synthesis - the final resource count might be different
    Info: Implemented 12 input pins
    Info: Implemented 16 output pins
    Info: Implemented 44 macrocells
    Info: Implemented 18 shareable expanders
Info: Quartus II Analysis & Synthesis was successful. 0 errors, 0 warnings
    Info: Peak virtual memory: 188 megabytes
    Info: Processing ended: Tue Jun 09 13:49:26 2009
    Info: Elapsed time: 00:00:20
    Info: Total CPU time (on all processors): 00:00:05


